[2015-09-21 22:57:18]: Starting build for depot 404701, content path is "E:\Desktop\steam sdk\tools\ContentBuilder\content\"
[2015-09-21 22:57:18]: Building file listing for depot 404701 ...
[2015-09-21 22:57:18]: Found 64 files for mapping: E:\Desktop\steam sdk\tools\ContentBuilder\content * -> .
[2015-09-21 22:57:19]: Found 64 files (99 MB) for depot 404701
[2015-09-21 22:57:19]: Building depot 404701, no baseline manifest
[2015-09-21 22:57:34]: Found 105 new chunks (0 old ones existed) for depot 404701, took 0 minutes, 14 seconds

[2015-09-21 22:57:34]: Changes to baseline manifest:
[2015-09-21 22:57:34]: Added  : "credits.html" 852 kB 
[2015-09-21 22:57:34]: Added  : "Curvatron.exe" 60492 kB 
[2015-09-21 22:57:34]: Added  : "d3dcompiler_47.dll" 3386 kB 
[2015-09-21 22:57:34]: Added  : "ffmpegsumo.dll" 939 kB 
[2015-09-21 22:57:34]: Added  : "icudtl.dat" 10213 kB 
[2015-09-21 22:57:34]: Added  : "libEGL.dll" 72 kB 
[2015-09-21 22:57:34]: Added  : "libGLESv2.dll" 1447 kB 
[2015-09-21 22:57:34]: Added  : "locales" 0 kB ,Flags: 64
[2015-09-21 22:57:34]: Added  : "locales\am.pak" 1 kB 
[2015-09-21 22:57:34]: Added  : "locales\ar.pak" 1 kB 
[2015-09-21 22:57:34]: Added  : "locales\bg.pak" 1 kB 
[2015-09-21 22:57:34]: Added  : "locales\bn.pak" 1 kB 
[2015-09-21 22:57:34]: Added  : "locales\ca.pak" 1 kB 
[2015-09-21 22:57:34]: Added  : "locales\cs.pak" 1 kB 
[2015-09-21 22:57:34]: Added  : "locales\da.pak" 1 kB 
[2015-09-21 22:57:34]: Added  : "locales\de.pak" 1 kB 
[2015-09-21 22:57:34]: Added  : "locales\el.pak" 1 kB 
[2015-09-21 22:57:34]: Added  : "locales\en-GB.pak" 1 kB 
[2015-09-21 22:57:34]: Added  : "locales\en-US.pak" 1 kB 
[2015-09-21 22:57:34]: Added  : "locales\es-419.pak" 1 kB 
[2015-09-21 22:57:34]: Added  : "locales\es.pak" 1 kB 
[2015-09-21 22:57:34]: Added  : "locales\et.pak" 1 kB 
[2015-09-21 22:57:34]: Added  : "locales\fa.pak" 1 kB 
[2015-09-21 22:57:34]: Added  : "locales\fi.pak" 1 kB 
[2015-09-21 22:57:34]: Added  : "locales\fil.pak" 1 kB 
[2015-09-21 22:57:34]: Added  : "locales\fr.pak" 1 kB 
[2015-09-21 22:57:34]: Added  : "locales\gu.pak" 1 kB 
[2015-09-21 22:57:34]: Added  : "locales\hi.pak" 1 kB 
[2015-09-21 22:57:34]: Added  : "locales\hr.pak" 1 kB 
[2015-09-21 22:57:34]: Added  : "locales\hu.pak" 1 kB 
[2015-09-21 22:57:34]: Added  : "locales\id.pak" 1 kB 
[2015-09-21 22:57:34]: Added  : "locales\it.pak" 1 kB 
[2015-09-21 22:57:34]: Added  : "locales\iw.pak" 1 kB 
[2015-09-21 22:57:34]: Added  : "locales\ja.pak" 1 kB 
[2015-09-21 22:57:34]: Added  : "locales\kn.pak" 1 kB 
[2015-09-21 22:57:34]: Added  : "locales\ko.pak" 1 kB 
[2015-09-21 22:57:34]: Added  : "locales\lt.pak" 1 kB 
[2015-09-21 22:57:34]: Added  : "locales\lv.pak" 1 kB 
[2015-09-21 22:57:34]: Added  : "locales\ml.pak" 1 kB 
[2015-09-21 22:57:34]: Added  : "locales\mr.pak" 1 kB 
[2015-09-21 22:57:34]: Added  : "locales\ms.pak" 1 kB 
[2015-09-21 22:57:34]: Added  : "locales\nl.pak" 1 kB 
[2015-09-21 22:57:34]: Added  : "locales\no.pak" 1 kB 
[2015-09-21 22:57:34]: Added  : "locales\pl.pak" 1 kB 
[2015-09-21 22:57:34]: Added  : "locales\pt-BR.pak" 1 kB 
[2015-09-21 22:57:34]: Added  : "locales\pt-PT.pak" 1 kB 
[2015-09-21 22:57:34]: Added  : "locales\ro.pak" 1 kB 
[2015-09-21 22:57:34]: Added  : "locales\ru.pak" 1 kB 
[2015-09-21 22:57:34]: Added  : "locales\sk.pak" 1 kB 
[2015-09-21 22:57:34]: Added  : "locales\sl.pak" 1 kB 
[2015-09-21 22:57:34]: Added  : "locales\sr.pak" 1 kB 
[2015-09-21 22:57:34]: Added  : "locales\sv.pak" 1 kB 
[2015-09-21 22:57:34]: Added  : "locales\sw.pak" 1 kB 
[2015-09-21 22:57:34]: Added  : "locales\ta.pak" 1 kB 
[2015-09-21 22:57:34]: Added  : "locales\te.pak" 1 kB 
[2015-09-21 22:57:34]: Added  : "locales\th.pak" 1 kB 
[2015-09-21 22:57:34]: Added  : "locales\tr.pak" 1 kB 
[2015-09-21 22:57:34]: Added  : "locales\uk.pak" 1 kB 
[2015-09-21 22:57:34]: Added  : "locales\vi.pak" 1 kB 
[2015-09-21 22:57:34]: Added  : "locales\zh-CN.pak" 1 kB 
[2015-09-21 22:57:34]: Added  : "locales\zh-TW.pak" 1 kB 
[2015-09-21 22:57:34]: Added  : "nw.pak" 7305 kB 
[2015-09-21 22:57:34]: Added  : "nwjc.exe" 5034 kB 
[2015-09-21 22:57:34]: Added  : "pdf.dll" 11960 kB 
[2015-09-21 22:57:34]: Summary: 64 files added, 0 files changed, 0 files removed
[2015-09-21 22:57:35]: Uploading new manifest (8475 bytes).
[2015-09-21 22:57:36]: Uploading 105 out of 105 missing chunks.
[2015-09-21 22:58:50]: Success! New manifestID 4365322148148098726 created and 105 new chunks uploaded.
